23,22,6,
23,22,5,1,
23,22,4,2,
23,22,3,2,1,
23,21,7,
23,21,6,1,
23,21,5,2,
23,21,4,3,
23,21,4,2,1,
23,20,8,
23,20,7,1,
23,20,6,2,
23,20,5,3,
23,20,5,2,1,
23,20,4,3,1,
23,19,9,
23,19,8,1,
23,19,7,2,
23,19,6,3,
23,19,6,2,1,
23,19,5,4,
23,19,5,3,1,
23,19,4,3,2,
23,18,10,
23,18,9,1,
23,18,8,2,
23,18,7,3,
23,18,7,2,1,
23,18,6,4,
23,18,6,3,1,
23,18,5,4,1,
23,18,5,3,2,
23,18,4,3,2,1,
23,17,11,
23,17,10,1,
23,17,9,2,
23,17,8,3,
23,17,8,2,1,
23,17,7,4,
23,17,7,3,1,
23,17,6,5,
23,17,6,4,1,
23,17,6,3,2,
23,17,5,4,2,
23,17,5,3,2,1,
23,16,12,
23,16,11,1,
23,16,10,2,
23,16,9,3,
23,16,9,2,1,
23,16,8,4,
23,16,8,3,1,
23,16,7,5,
23,16,7,4,1,
23,16,7,3,2,
23,16,6,5,1,
23,16,6,4,2,
23,16,6,3,2,1,
23,16,5,4,3,
23,16,5,4,2,1,
23,15,13,
23,15,12,1,
23,15,11,2,
23,15,10,3,
23,15,10,2,1,
23,15,9,4,
23,15,9,3,1,
23,15,8,5,
23,15,8,4,1,
23,15,8,3,2,
23,15,7,6,
23,15,7,5,1,
23,15,7,4,2,
23,15,7,3,2,1,
23,15,6,5,2,
23,15,6,4,3,
23,15,6,4,2,1,
23,15,5,4,3,1,
23,14,13,1,
23,14,12,2,
23,14,11,3,
23,14,11,2,1,
23,14,10,4,
23,14,10,3,1,
23,14,9,5,
23,14,9,4,1,
23,14,9,3,2,
23,14,8,6,
23,14,8,5,1,
23,14,8,4,2,
23,14,8,3,2,1,
23,14,7,6,1,
23,14,7,5,2,
23,14,7,4,3,
23,14,7,4,2,1,
23,14,6,5,3,
23,14,6,5,2,1,
23,14,6,4,3,1,
23,14,5,4,3,2,
23,13,12,3,
23,13,12,2,1,
23,13,11,4,
23,13,11,3,1,
23,13,10,5,
23,13,10,4,1,
23,13,10,3,2,
23,13,9,6,
23,13,9,5,1,
23,13,9,4,2,
23,13,9,3,2,1,
23,13,8,7,
23,13,8,6,1,
23,13,8,5,2,
23,13,8,4,3,
23,13,8,4,2,1,
23,13,7,6,2,
23,13,7,5,3,
23,13,7,5,2,1,
23,13,7,4,3,1,
23,13,6,5,4,
23,13,6,5,3,1,
23,13,6,4,3,2,
23,13,5,4,3,2,1,
23,12,11,5,
23,12,11,4,1,
23,12,11,3,2,
23,12,10,6,
23,12,10,5,1,
23,12,10,4,2,
23,12,10,3,2,1,
23,12,9,7,
23,12,9,6,1,
23,12,9,5,2,
23,12,9,4,3,
23,12,9,4,2,1,
23,12,8,7,1,
23,12,8,6,2,
23,12,8,5,3,
23,12,8,5,2,1,
23,12,8,4,3,1,
23,12,7,6,3,
23,12,7,6,2,1,
23,12,7,5,4,
23,12,7,5,3,1,
23,12,7,4,3,2,
23,12,6,5,4,1,
23,12,6,5,3,2,
23,12,6,4,3,2,1,
23,11,10,7,
23,11,10,6,1,
23,11,10,5,2,
23,11,10,4,3,
23,11,10,4,2,1,
23,11,9,8,
23,11,9,7,1,
23,11,9,6,2,
23,11,9,5,3,
23,11,9,5,2,1,
23,11,9,4,3,1,
23,11,8,7,2,
23,11,8,6,3,
23,11,8,6,2,1,
23,11,8,5,4,
23,11,8,5,3,1,
23,11,8,4,3,2,
23,11,7,6,4,
23,11,7,6,3,1,
23,11,7,5,4,1,
23,11,7,5,3,2,
23,11,7,4,3,2,1,
23,11,6,5,4,2,
23,11,6,5,3,2,1,
23,10,9,8,1,
23,10,9,7,2,
23,10,9,6,3,
23,10,9,6,2,1,
23,10,9,5,4,
23,10,9,5,3,1,
23,10,9,4,3,2,
23,10,8,7,3,
23,10,8,7,2,1,
23,10,8,6,4,
23,10,8,6,3,1,
23,10,8,5,4,1,
23,10,8,5,3,2,
23,10,8,4,3,2,1,
23,10,7,6,5,
23,10,7,6,4,1,
23,10,7,6,3,2,
23,10,7,5,4,2,
23,10,7,5,3,2,1,
23,10,6,5,4,3,
23,10,6,5,4,2,1,
23,9,8,7,4,
23,9,8,7,3,1,
23,9,8,6,5,
23,9,8,6,4,1,
23,9,8,6,3,2,
23,9,8,5,4,2,
23,9,8,5,3,2,1,
23,9,7,6,5,1,
23,9,7,6,4,2,
23,9,7,6,3,2,1,
23,9,7,5,4,3,
23,9,7,5,4,2,1,
23,9,6,5,4,3,1,
23,8,7,6,5,2,
23,8,7,6,4,3,
23,8,7,6,4,2,1,
23,8,7,5,4,3,1,
23,8,6,5,4,3,2,
23,7,6,5,4,3,2,1,
22,21,8,
22,21,7,1,
22,21,6,2,
22,21,5,3,
22,21,5,2,1,
22,21,4,3,1,
22,20,9,
22,20,8,1,
22,20,7,2,
22,20,6,3,
22,20,6,2,1,
22,20,5,4,
22,20,5,3,1,
22,20,4,3,2,
22,19,10,
22,19,9,1,
22,19,8,2,
22,19,7,3,
22,19,7,2,1,
22,19,6,4,
22,19,6,3,1,
22,19,5,4,1,
22,19,5,3,2,
22,19,4,3,2,1,
22,18,11,
22,18,10,1,
22,18,9,2,
22,18,8,3,
22,18,8,2,1,
22,18,7,4,
22,18,7,3,1,
22,18,6,5,
22,18,6,4,1,
22,18,6,3,2,
22,18,5,4,2,
22,18,5,3,2,1,
22,17,12,
22,17,11,1,
22,17,10,2,
22,17,9,3,
22,17,9,2,1,
22,17,8,4,
22,17,8,3,1,
22,17,7,5,
22,17,7,4,1,
22,17,7,3,2,
22,17,6,5,1,
22,17,6,4,2,
22,17,6,3,2,1,
22,17,5,4,3,
22,17,5,4,2,1,
22,16,13,
22,16,12,1,
22,16,11,2,
22,16,10,3,
22,16,10,2,1,
22,16,9,4,
22,16,9,3,1,
22,16,8,5,
22,16,8,4,1,
22,16,8,3,2,
22,16,7,6,
22,16,7,5,1,
22,16,7,4,2,
22,16,7,3,2,1,
22,16,6,5,2,
22,16,6,4,3,
22,16,6,4,2,1,
22,16,5,4,3,1,
22,15,14,
22,15,13,1,
22,15,12,2,
22,15,11,3,
22,15,11,2,1,
22,15,10,4,
22,15,10,3,1,
22,15,9,5,
22,15,9,4,1,
22,15,9,3,2,
22,15,8,6,
22,15,8,5,1,
22,15,8,4,2,
22,15,8,3,2,1,
22,15,7,6,1,
22,15,7,5,2,
22,15,7,4,3,
22,15,7,4,2,1,
22,15,6,5,3,
22,15,6,5,2,1,
22,15,6,4,3,1,
22,15,5,4,3,2,
22,14,13,2,
22,14,12,3,
22,14,12,2,1,
22,14,11,4,
22,14,11,3,1,
22,14,10,5,
22,14,10,4,1,
22,14,10,3,2,
22,14,9,6,
22,14,9,5,1,
22,14,9,4,2,
22,14,9,3,2,1,
22,14,8,7,
22,14,8,6,1,
22,14,8,5,2,
22,14,8,4,3,
22,14,8,4,2,1,
22,14,7,6,2,
22,14,7,5,3,
22,14,7,5,2,1,
22,14,7,4,3,1,
22,14,6,5,4,
22,14,6,5,3,1,
22,14,6,4,3,2,
22,14,5,4,3,2,1,
22,13,12,4,
22,13,12,3,1,
22,13,11,5,
22,13,11,4,1,
22,13,11,3,2,
22,13,10,6,
22,13,10,5,1,
22,13,10,4,2,
22,13,10,3,2,1,
22,13,9,7,
22,13,9,6,1,
22,13,9,5,2,
22,13,9,4,3,
22,13,9,4,2,1,
22,13,8,7,1,
22,13,8,6,2,
22,13,8,5,3,
22,13,8,5,2,1,
22,13,8,4,3,1,
22,13,7,6,3,
22,13,7,6,2,1,
22,13,7,5,4,
22,13,7,5,3,1,
22,13,7,4,3,2,
22,13,6,5,4,1,
22,13,6,5,3,2,
22,13,6,4,3,2,1,
22,12,11,6,
22,12,11,5,1,
22,12,11,4,2,
22,12,11,3,2,1,
22,12,10,7,
22,12,10,6,1,
22,12,10,5,2,
22,12,10,4,3,
22,12,10,4,2,1,
22,12,9,8,
22,12,9,7,1,
22,12,9,6,2,
22,12,9,5,3,
22,12,9,5,2,1,
22,12,9,4,3,1,
22,12,8,7,2,
22,12,8,6,3,
22,12,8,6,2,1,
22,12,8,5,4,
22,12,8,5,3,1,
22,12,8,4,3,2,
22,12,7,6,4,
22,12,7,6,3,1,
22,12,7,5,4,1,
22,12,7,5,3,2,
22,12,7,4,3,2,1,
22,12,6,5,4,2,
22,12,6,5,3,2,1,
22,11,10,8,
22,11,10,7,1,
22,11,10,6,2,
22,11,10,5,3,
22,11,10,5,2,1,
22,11,10,4,3,1,
22,11,9,8,1,
22,11,9,7,2,
22,11,9,6,3,
22,11,9,6,2,1,
22,11,9,5,4,
22,11,9,5,3,1,
22,11,9,4,3,2,
22,11,8,7,3,
22,11,8,7,2,1,
22,11,8,6,4,
22,11,8,6,3,1,
22,11,8,5,4,1,
22,11,8,5,3,2,
22,11,8,4,3,2,1,
22,11,7,6,5,
22,11,7,6,4,1,
22,11,7,6,3,2,
22,11,7,5,4,2,
22,11,7,5,3,2,1,
22,11,6,5,4,3,
22,11,6,5,4,2,1,
22,10,9,8,2,
22,10,9,7,3,
22,10,9,7,2,1,
22,10,9,6,4,
22,10,9,6,3,1,
22,10,9,5,4,1,
22,10,9,5,3,2,
22,10,9,4,3,2,1,
22,10,8,7,4,
22,10,8,7,3,1,
22,10,8,6,5,
22,10,8,6,4,1,
22,10,8,6,3,2,
22,10,8,5,4,2,
22,10,8,5,3,2,1,
22,10,7,6,5,1,
22,10,7,6,4,2,
22,10,7,6,3,2,1,
22,10,7,5,4,3,
22,10,7,5,4,2,1,
22,10,6,5,4,3,1,
22,9,8,7,5,
22,9,8,7,4,1,
22,9,8,7,3,2,
22,9,8,6,5,1,
22,9,8,6,4,2,
22,9,8,6,3,2,1,
22,9,8,5,4,3,
22,9,8,5,4,2,1,
22,9,7,6,5,2,
22,9,7,6,4,3,
22,9,7,6,4,2,1,
22,9,7,5,4,3,1,
22,9,6,5,4,3,2,
22,8,7,6,5,3,
22,8,7,6,5,2,1,
22,8,7,6,4,3,1,
22,8,7,5,4,3,2,
22,8,6,5,4,3,2,1,
21,20,10,
21,20,9,1,
21,20,8,2,
21,20,7,3,
21,20,7,2,1,
21,20,6,4,
21,20,6,3,1,
21,20,5,4,1,
21,20,5,3,2,
21,20,4,3,2,1,
21,19,11,
21,19,10,1,
21,19,9,2,
21,19,8,3,
21,19,8,2,1,
21,19,7,4,
21,19,7,3,1,
21,19,6,5,
21,19,6,4,1,
21,19,6,3,2,
21,19,5,4,2,
21,19,5,3,2,1,
21,18,12,
21,18,11,1,
21,18,10,2,
21,18,9,3,
21,18,9,2,1,
21,18,8,4,
21,18,8,3,1,
21,18,7,5,
21,18,7,4,1,
21,18,7,3,2,
21,18,6,5,1,
21,18,6,4,2,
21,18,6,3,2,1,
21,18,5,4,3,
21,18,5,4,2,1,
21,17,13,
21,17,12,1,
21,17,11,2,
21,17,10,3,
21,17,10,2,1,
21,17,9,4,
21,17,9,3,1,
21,17,8,5,
21,17,8,4,1,
21,17,8,3,2,
21,17,7,6,
21,17,7,5,1,
21,17,7,4,2,
21,17,7,3,2,1,
21,17,6,5,2,
21,17,6,4,3,
21,17,6,4,2,1,
21,17,5,4,3,1,
21,16,14,
21,16,13,1,
21,16,12,2,
21,16,11,3,
21,16,11,2,1,
21,16,10,4,
21,16,10,3,1,
21,16,9,5,
21,16,9,4,1,
21,16,9,3,2,
21,16,8,6,
21,16,8,5,1,
21,16,8,4,2,
21,16,8,3,2,1,
21,16,7,6,1,
21,16,7,5,2,
21,16,7,4,3,
21,16,7,4,2,1,
21,16,6,5,3,
21,16,6,5,2,1,
21,16,6,4,3,1,
21,16,5,4,3,2,
21,15,14,1,
21,15,13,2,
21,15,12,3,
21,15,12,2,1,
21,15,11,4,
21,15,11,3,1,
21,15,10,5,
21,15,10,4,1,
21,15,10,3,2,
21,15,9,6,
21,15,9,5,1,
21,15,9,4,2,
21,15,9,3,2,1,
21,15,8,7,
21,15,8,6,1,
21,15,8,5,2,
21,15,8,4,3,
21,15,8,4,2,1,
21,15,7,6,2,
21,15,7,5,3,
21,15,7,5,2,1,
21,15,7,4,3,1,
21,15,6,5,4,
21,15,6,5,3,1,
21,15,6,4,3,2,
21,15,5,4,3,2,1,
21,14,13,3,
21,14,13,2,1,
21,14,12,4,
21,14,12,3,1,
21,14,11,5,
21,14,11,4,1,
21,14,11,3,2,
21,14,10,6,
21,14,10,5,1,
21,14,10,4,2,
21,14,10,3,2,1,
21,14,9,7,
21,14,9,6,1,
21,14,9,5,2,
21,14,9,4,3,
21,14,9,4,2,1,
21,14,8,7,1,
21,14,8,6,2,
21,14,8,5,3,
21,14,8,5,2,1,
21,14,8,4,3,1,
21,14,7,6,3,
21,14,7,6,2,1,
21,14,7,5,4,
21,14,7,5,3,1,
21,14,7,4,3,2,
21,14,6,5,4,1,
21,14,6,5,3,2,
21,14,6,4,3,2,1,
21,13,12,5,
21,13,12,4,1,
21,13,12,3,2,
21,13,11,6,
21,13,11,5,1,
21,13,11,4,2,
21,13,11,3,2,1,
21,13,10,7,
21,13,10,6,1,
21,13,10,5,2,
21,13,10,4,3,
21,13,10,4,2,1,
21,13,9,8,
21,13,9,7,1,
21,13,9,6,2,
21,13,9,5,3,
21,13,9,5,2,1,
21,13,9,4,3,1,
21,13,8,7,2,
21,13,8,6,3,
21,13,8,6,2,1,
21,13,8,5,4,
21,13,8,5,3,1,
21,13,8,4,3,2,
21,13,7,6,4,
21,13,7,6,3,1,
21,13,7,5,4,1,
21,13,7,5,3,2,
21,13,7,4,3,2,1,
21,13,6,5,4,2,
21,13,6,5,3,2,1,
21,12,11,7,
21,12,11,6,1,
21,12,11,5,2,
21,12,11,4,3,
21,12,11,4,2,1,
21,12,10,8,
21,12,10,7,1,
21,12,10,6,2,
21,12,10,5,3,
21,12,10,5,2,1,
21,12,10,4,3,1,
21,12,9,8,1,
21,12,9,7,2,
21,12,9,6,3,
21,12,9,6,2,1,
21,12,9,5,4,
21,12,9,5,3,1,
21,12,9,4,3,2,
21,12,8,7,3,
21,12,8,7,2,1,
21,12,8,6,4,
21,12,8,6,3,1,
21,12,8,5,4,1,
21,12,8,5,3,2,
21,12,8,4,3,2,1,
21,12,7,6,5,
21,12,7,6,4,1,
21,12,7,6,3,2,
21,12,7,5,4,2,
21,12,7,5,3,2,1,
21,12,6,5,4,3,
21,12,6,5,4,2,1,
21,11,10,9,
21,11,10,8,1,
21,11,10,7,2,
21,11,10,6,3,
21,11,10,6,2,1,
21,11,10,5,4,
21,11,10,5,3,1,
21,11,10,4,3,2,
21,11,9,8,2,
21,11,9,7,3,
21,11,9,7,2,1,
21,11,9,6,4,
21,11,9,6,3,1,
21,11,9,5,4,1,
21,11,9,5,3,2,
21,11,9,4,3,2,1,
21,11,8,7,4,
21,11,8,7,3,1,
21,11,8,6,5,
21,11,8,6,4,1,
21,11,8,6,3,2,
21,11,8,5,4,2,
21,11,8,5,3,2,1,
21,11,7,6,5,1,
21,11,7,6,4,2,
21,11,7,6,3,2,1,
21,11,7,5,4,3,
21,11,7,5,4,2,1,
21,11,6,5,4,3,1,
21,10,9,8,3,
21,10,9,8,2,1,
21,10,9,7,4,
21,10,9,7,3,1,
21,10,9,6,5,
21,10,9,6,4,1,
21,10,9,6,3,2,
21,10,9,5,4,2,
21,10,9,5,3,2,1,
21,10,8,7,5,
21,10,8,7,4,1,
21,10,8,7,3,2,
21,10,8,6,5,1,
21,10,8,6,4,2,
21,10,8,6,3,2,1,
21,10,8,5,4,3,
21,10,8,5,4,2,1,
21,10,7,6,5,2,
21,10,7,6,4,3,
21,10,7,6,4,2,1,
21,10,7,5,4,3,1,
21,10,6,5,4,3,2,
21,9,8,7,6,
21,9,8,7,5,1,
21,9,8,7,4,2,
21,9,8,7,3,2,1,
21,9,8,6,5,2,
21,9,8,6,4,3,
21,9,8,6,4,2,1,
21,9,8,5,4,3,1,
21,9,7,6,5,3,
21,9,7,6,5,2,1,
21,9,7,6,4,3,1,
21,9,7,5,4,3,2,
21,9,6,5,4,3,2,1,
21,8,7,6,5,4,
21,8,7,6,5,3,1,
21,8,7,6,4,3,2,
21,8,7,5,4,3,2,1,
20,19,12,
20,19,11,1,
20,19,10,2,
20,19,9,3,
20,19,9,2,1,
20,19,8,4,
20,19,8,3,1,
20,19,7,5,
20,19,7,4,1,
20,19,7,3,2,
20,19,6,5,1,
20,19,6,4,2,
20,19,6,3,2,1,
20,19,5,4,3,
20,19,5,4,2,1,
20,18,13,
20,18,12,1,
20,18,11,2,
20,18,10,3,
20,18,10,2,1,
20,18,9,4,
20,18,9,3,1,
20,18,8,5,
20,18,8,4,1,
20,18,8,3,2,
20,18,7,6,
20,18,7,5,1,
20,18,7,4,2,
20,18,7,3,2,1,
20,18,6,5,2,
20,18,6,4,3,
20,18,6,4,2,1,
20,18,5,4,3,1,
20,17,14,
20,17,13,1,
20,17,12,2,
20,17,11,3,
20,17,11,2,1,
20,17,10,4,
20,17,10,3,1,
20,17,9,5,
20,17,9,4,1,
20,17,9,3,2,
20,17,8,6,
20,17,8,5,1,
20,17,8,4,2,
20,17,8,3,2,1,
20,17,7,6,1,
20,17,7,5,2,
20,17,7,4,3,
20,17,7,4,2,1,
20,17,6,5,3,
20,17,6,5,2,1,
20,17,6,4,3,1,
20,17,5,4,3,2,
20,16,15,
20,16,14,1,
20,16,13,2,
20,16,12,3,
20,16,12,2,1,
20,16,11,4,
20,16,11,3,1,
20,16,10,5,
20,16,10,4,1,
20,16,10,3,2,
20,16,9,6,
20,16,9,5,1,
20,16,9,4,2,
20,16,9,3,2,1,
20,16,8,7,
20,16,8,6,1,
20,16,8,5,2,
20,16,8,4,3,
20,16,8,4,2,1,
20,16,7,6,2,
20,16,7,5,3,
20,16,7,5,2,1,
20,16,7,4,3,1,
20,16,6,5,4,
20,16,6,5,3,1,
20,16,6,4,3,2,
20,16,5,4,3,2,1,
20,15,14,2,
20,15,13,3,
20,15,13,2,1,
20,15,12,4,
20,15,12,3,1,
20,15,11,5,
20,15,11,4,1,
20,15,11,3,2,
20,15,10,6,
20,15,10,5,1,
20,15,10,4,2,
20,15,10,3,2,1,
20,15,9,7,
20,15,9,6,1,
20,15,9,5,2,
20,15,9,4,3,
20,15,9,4,2,1,
20,15,8,7,1,
20,15,8,6,2,
20,15,8,5,3,
20,15,8,5,2,1,
20,15,8,4,3,1,
20,15,7,6,3,
20,15,7,6,2,1,
20,15,7,5,4,
20,15,7,5,3,1,
20,15,7,4,3,2,
20,15,6,5,4,1,
20,15,6,5,3,2,
20,15,6,4,3,2,1,
20,14,13,4,
20,14,13,3,1,
20,14,12,5,
20,14,12,4,1,
20,14,12,3,2,
20,14,11,6,
20,14,11,5,1,
20,14,11,4,2,
20,14,11,3,2,1,
20,14,10,7,
20,14,10,6,1,
20,14,10,5,2,
20,14,10,4,3,
20,14,10,4,2,1,
20,14,9,8,
20,14,9,7,1,
20,14,9,6,2,
20,14,9,5,3,
20,14,9,5,2,1,
20,14,9,4,3,1,
20,14,8,7,2,
20,14,8,6,3,
20,14,8,6,2,1,
20,14,8,5,4,
20,14,8,5,3,1,
20,14,8,4,3,2,
20,14,7,6,4,
20,14,7,6,3,1,
20,14,7,5,4,1,
20,14,7,5,3,2,
20,14,7,4,3,2,1,
20,14,6,5,4,2,
20,14,6,5,3,2,1,
20,13,12,6,
20,13,12,5,1,
20,13,12,4,2,
20,13,12,3,2,1,
20,13,11,7,
20,13,11,6,1,
20,13,11,5,2,
20,13,11,4,3,
20,13,11,4,2,1,
20,13,10,8,
20,13,10,7,1,
20,13,10,6,2,
20,13,10,5,3,
20,13,10,5,2,1,
20,13,10,4,3,1,
20,13,9,8,1,
20,13,9,7,2,
20,13,9,6,3,
20,13,9,6,2,1,
20,13,9,5,4,
20,13,9,5,3,1,
20,13,9,4,3,2,
20,13,8,7,3,
20,13,8,7,2,1,
20,13,8,6,4,
20,13,8,6,3,1,
20,13,8,5,4,1,
20,13,8,5,3,2,
20,13,8,4,3,2,1,
20,13,7,6,5,
20,13,7,6,4,1,
20,13,7,6,3,2,
20,13,7,5,4,2,
20,13,7,5,3,2,1,
20,13,6,5,4,3,
20,13,6,5,4,2,1,
20,12,11,8,
20,12,11,7,1,
20,12,11,6,2,
20,12,11,5,3,
20,12,11,5,2,1,
20,12,11,4,3,1,
20,12,10,9,
20,12,10,8,1,
20,12,10,7,2,
20,12,10,6,3,
20,12,10,6,2,1,
20,12,10,5,4,
20,12,10,5,3,1,
20,12,10,4,3,2,
20,12,9,8,2,
20,12,9,7,3,
20,12,9,7,2,1,
20,12,9,6,4,
20,12,9,6,3,1,
20,12,9,5,4,1,
20,12,9,5,3,2,
20,12,9,4,3,2,1,
20,12,8,7,4,
20,12,8,7,3,1,
20,12,8,6,5,
20,12,8,6,4,1,
20,12,8,6,3,2,
20,12,8,5,4,2,
20,12,8,5,3,2,1,
20,12,7,6,5,1,
20,12,7,6,4,2,
20,12,7,6,3,2,1,
20,12,7,5,4,3,
20,12,7,5,4,2,1,
20,12,6,5,4,3,1,
20,11,10,9,1,
20,11,10,8,2,
20,11,10,7,3,
20,11,10,7,2,1,
20,11,10,6,4,
20,11,10,6,3,1,
20,11,10,5,4,1,
20,11,10,5,3,2,
20,11,10,4,3,2,1,
20,11,9,8,3,
20,11,9,8,2,1,
20,11,9,7,4,
20,11,9,7,3,1,
20,11,9,6,5,
20,11,9,6,4,1,
20,11,9,6,3,2,
20,11,9,5,4,2,
20,11,9,5,3,2,1,
20,11,8,7,5,
20,11,8,7,4,1,
20,11,8,7,3,2,
20,11,8,6,5,1,
20,11,8,6,4,2,
20,11,8,6,3,2,1,
20,11,8,5,4,3,
20,11,8,5,4,2,1,
20,11,7,6,5,2,
20,11,7,6,4,3,
20,11,7,6,4,2,1,
20,11,7,5,4,3,1,
20,11,6,5,4,3,2,
20,10,9,8,4,
20,10,9,8,3,1,
20,10,9,7,5,
20,10,9,7,4,1,
20,10,9,7,3,2,
20,10,9,6,5,1,
20,10,9,6,4,2,
20,10,9,6,3,2,1,
20,10,9,5,4,3,
20,10,9,5,4,2,1,
20,10,8,7,6,
20,10,8,7,5,1,
20,10,8,7,4,2,
20,10,8,7,3,2,1,
20,10,8,6,5,2,
20,10,8,6,4,3,
20,10,8,6,4,2,1,
20,10,8,5,4,3,1,
20,10,7,6,5,3,
20,10,7,6,5,2,1,
20,10,7,6,4,3,1,
20,10,7,5,4,3,2,
20,10,6,5,4,3,2,1,
20,9,8,7,6,1,
20,9,8,7,5,2,
20,9,8,7,4,3,
20,9,8,7,4,2,1,
20,9,8,6,5,3,
20,9,8,6,5,2,1,
20,9,8,6,4,3,1,
20,9,8,5,4,3,2,
20,9,7,6,5,4,
20,9,7,6,5,3,1,
20,9,7,6,4,3,2,
20,9,7,5,4,3,2,1,
20,8,7,6,5,4,1,
20,8,7,6,5,3,2,
20,8,7,6,4,3,2,1,
19,18,14,
19,18,13,1,
19,18,12,2,
19,18,11,3,
19,18,11,2,1,
19,18,10,4,
19,18,10,3,1,
19,18,9,5,
19,18,9,4,1,
19,18,9,3,2,
19,18,8,6,
19,18,8,5,1,
19,18,8,4,2,
19,18,8,3,2,1,
19,18,7,6,1,
19,18,7,5,2,
19,18,7,4,3,
19,18,7,4,2,1,
19,18,6,5,3,
19,18,6,5,2,1,
19,18,6,4,3,1,
19,18,5,4,3,2,
19,17,15,
19,17,14,1,
19,17,13,2,
19,17,12,3,
19,17,12,2,1,
19,17,11,4,
19,17,11,3,1,
19,17,10,5,
19,17,10,4,1,
19,17,10,3,2,
19,17,9,6,
19,17,9,5,1,
19,17,9,4,2,
19,17,9,3,2,1,
19,17,8,7,
19,17,8,6,1,
19,17,8,5,2,
19,17,8,4,3,
19,17,8,4,2,1,
19,17,7,6,2,
19,17,7,5,3,
19,17,7,5,2,1,
19,17,7,4,3,1,
19,17,6,5,4,
19,17,6,5,3,1,
19,17,6,4,3,2,
19,17,5,4,3,2,1,
19,16,15,1,
19,16,14,2,
19,16,13,3,
19,16,13,2,1,
19,16,12,4,
19,16,12,3,1,
19,16,11,5,
19,16,11,4,1,
19,16,11,3,2,
19,16,10,6,
19,16,10,5,1,
19,16,10,4,2,
19,16,10,3,2,1,
19,16,9,7,
19,16,9,6,1,
19,16,9,5,2,
19,16,9,4,3,
19,16,9,4,2,1,
19,16,8,7,1,
19,16,8,6,2,
19,16,8,5,3,
19,16,8,5,2,1,
19,16,8,4,3,1,
19,16,7,6,3,
19,16,7,6,2,1,
19,16,7,5,4,
19,16,7,5,3,1,
19,16,7,4,3,2,
19,16,6,5,4,1,
19,16,6,5,3,2,
19,16,6,4,3,2,1,
19,15,14,3,
19,15,14,2,1,
19,15,13,4,
19,15,13,3,1,
19,15,12,5,
19,15,12,4,1,
19,15,12,3,2,
19,15,11,6,
19,15,11,5,1,
19,15,11,4,2,
19,15,11,3,2,1,
19,15,10,7,
19,15,10,6,1,
19,15,10,5,2,
19,15,10,4,3,
19,15,10,4,2,1,
19,15,9,8,
19,15,9,7,1,
19,15,9,6,2,
19,15,9,5,3,
19,15,9,5,2,1,
19,15,9,4,3,1,
19,15,8,7,2,
19,15,8,6,3,
19,15,8,6,2,1,
19,15,8,5,4,
19,15,8,5,3,1,
19,15,8,4,3,2,
19,15,7,6,4,
19,15,7,6,3,1,
19,15,7,5,4,1,
19,15,7,5,3,2,
19,15,7,4,3,2,1,
19,15,6,5,4,2,
19,15,6,5,3,2,1,
19,14,13,5,
19,14,13,4,1,
19,14,13,3,2,
19,14,12,6,
19,14,12,5,1,
19,14,12,4,2,
19,14,12,3,2,1,
19,14,11,7,
19,14,11,6,1,
19,14,11,5,2,
19,14,11,4,3,
19,14,11,4,2,1,
19,14,10,8,
19,14,10,7,1,
19,14,10,6,2,
19,14,10,5,3,
19,14,10,5,2,1,
19,14,10,4,3,1,
19,14,9,8,1,
19,14,9,7,2,
19,14,9,6,3,
19,14,9,6,2,1,
19,14,9,5,4,
19,14,9,5,3,1,
19,14,9,4,3,2,
19,14,8,7,3,
19,14,8,7,2,1,
19,14,8,6,4,
19,14,8,6,3,1,
19,14,8,5,4,1,
19,14,8,5,3,2,
19,14,8,4,3,2,1,
19,14,7,6,5,
19,14,7,6,4,1,
19,14,7,6,3,2,
19,14,7,5,4,2,
19,14,7,5,3,2,1,
19,14,6,5,4,3,
19,14,6,5,4,2,1,
19,13,12,7,
19,13,12,6,1,
19,13,12,5,2,
19,13,12,4,3,
19,13,12,4,2,1,
19,13,11,8,
19,13,11,7,1,
19,13,11,6,2,
19,13,11,5,3,
19,13,11,5,2,1,
19,13,11,4,3,1,
19,13,10,9,
19,13,10,8,1,
19,13,10,7,2,
19,13,10,6,3,
19,13,10,6,2,1,
19,13,10,5,4,
19,13,10,5,3,1,
19,13,10,4,3,2,
19,13,9,8,2,
19,13,9,7,3,
19,13,9,7,2,1,
19,13,9,6,4,
19,13,9,6,3,1,
19,13,9,5,4,1,
19,13,9,5,3,2,
19,13,9,4,3,2,1,
19,13,8,7,4,
19,13,8,7,3,1,
19,13,8,6,5,
19,13,8,6,4,1,
19,13,8,6,3,2,
19,13,8,5,4,2,
19,13,8,5,3,2,1,
19,13,7,6,5,1,
19,13,7,6,4,2,
19,13,7,6,3,2,1,
19,13,7,5,4,3,
19,13,7,5,4,2,1,
19,13,6,5,4,3,1,
19,12,11,9,
19,12,11,8,1,
19,12,11,7,2,
19,12,11,6,3,
19,12,11,6,2,1,
19,12,11,5,4,
19,12,11,5,3,1,
19,12,11,4,3,2,
19,12,10,9,1,
19,12,10,8,2,
19,12,10,7,3,
19,12,10,7,2,1,
19,12,10,6,4,
19,12,10,6,3,1,
19,12,10,5,4,1,
19,12,10,5,3,2,
19,12,10,4,3,2,1,
19,12,9,8,3,
19,12,9,8,2,1,
19,12,9,7,4,
19,12,9,7,3,1,
19,12,9,6,5,
19,12,9,6,4,1,
19,12,9,6,3,2,
19,12,9,5,4,2,
19,12,9,5,3,2,1,
19,12,8,7,5,
19,12,8,7,4,1,
19,12,8,7,3,2,
19,12,8,6,5,1,
19,12,8,6,4,2,
19,12,8,6,3,2,1,
19,12,8,5,4,3,
19,12,8,5,4,2,1,
19,12,7,6,5,2,
19,12,7,6,4,3,
19,12,7,6,4,2,1,
19,12,7,5,4,3,1,
19,12,6,5,4,3,2,
19,11,10,9,2,
19,11,10,8,3,
19,11,10,8,2,1,
19,11,10,7,4,
19,11,10,7,3,1,
19,11,10,6,5,
19,11,10,6,4,1,
19,11,10,6,3,2,
19,11,10,5,4,2,
19,11,10,5,3,2,1,
19,11,9,8,4,
19,11,9,8,3,1,
19,11,9,7,5,
19,11,9,7,4,1,
19,11,9,7,3,2,
19,11,9,6,5,1,
19,11,9,6,4,2,
19,11,9,6,3,2,1,
19,11,9,5,4,3,
19,11,9,5,4,2,1,
19,11,8,7,6,
19,11,8,7,5,1,
19,11,8,7,4,2,
19,11,8,7,3,2,1,
19,11,8,6,5,2,
19,11,8,6,4,3,
19,11,8,6,4,2,1,
19,11,8,5,4,3,1,
19,11,7,6,5,3,
19,11,7,6,5,2,1,
19,11,7,6,4,3,1,
19,11,7,5,4,3,2,
19,11,6,5,4,3,2,1,
19,10,9,8,5,
19,10,9,8,4,1,
19,10,9,8,3,2,
19,10,9,7,6,
19,10,9,7,5,1,
19,10,9,7,4,2,
19,10,9,7,3,2,1,
19,10,9,6,5,2,
19,10,9,6,4,3,
19,10,9,6,4,2,1,
19,10,9,5,4,3,1,
19,10,8,7,6,1,
19,10,8,7,5,2,
19,10,8,7,4,3,
19,10,8,7,4,2,1,
19,10,8,6,5,3,
19,10,8,6,5,2,1,
19,10,8,6,4,3,1,
19,10,8,5,4,3,2,
19,10,7,6,5,4,
19,10,7,6,5,3,1,
19,10,7,6,4,3,2,
19,10,7,5,4,3,2,1,
19,9,8,7,6,2,
19,9,8,7,5,3,
19,9,8,7,5,2,1,
19,9,8,7,4,3,1,
19,9,8,6,5,4,
19,9,8,6,5,3,1,
19,9,8,6,4,3,2,
19,9,8,5,4,3,2,1,
19,9,7,6,5,4,1,
19,9,7,6,5,3,2,
19,9,7,6,4,3,2,1,
19,8,7,6,5,4,2,
19,8,7,6,5,3,2,1,
18,17,16,
18,17,15,1,
18,17,14,2,
18,17,13,3,
18,17,13,2,1,
18,17,12,4,
18,17,12,3,1,
18,17,11,5,
18,17,11,4,1,
18,17,11,3,2,
18,17,10,6,
18,17,10,5,1,
18,17,10,4,2,
18,17,10,3,2,1,
18,17,9,7,
18,17,9,6,1,
18,17,9,5,2,
18,17,9,4,3,
18,17,9,4,2,1,
18,17,8,7,1,
18,17,8,6,2,
18,17,8,5,3,
18,17,8,5,2,1,
18,17,8,4,3,1,
18,17,7,6,3,
18,17,7,6,2,1,
18,17,7,5,4,
18,17,7,5,3,1,
18,17,7,4,3,2,
18,17,6,5,4,1,
18,17,6,5,3,2,
18,17,6,4,3,2,1,
18,16,15,2,
18,16,14,3,
18,16,14,2,1,
18,16,13,4,
18,16,13,3,1,
18,16,12,5,
18,16,12,4,1,
18,16,12,3,2,
18,16,11,6,
18,16,11,5,1,
18,16,11,4,2,
18,16,11,3,2,1,
18,16,10,7,
18,16,10,6,1,
18,16,10,5,2,
18,16,10,4,3,
18,16,10,4,2,1,
18,16,9,8,
18,16,9,7,1,
18,16,9,6,2,
18,16,9,5,3,
18,16,9,5,2,1,
18,16,9,4,3,1,
18,16,8,7,2,
18,16,8,6,3,
18,16,8,6,2,1,
18,16,8,5,4,
18,16,8,5,3,1,
18,16,8,4,3,2,
18,16,7,6,4,
18,16,7,6,3,1,
18,16,7,5,4,1,
18,16,7,5,3,2,
18,16,7,4,3,2,1,
18,16,6,5,4,2,
18,16,6,5,3,2,1,
18,15,14,4,
18,15,14,3,1,
18,15,13,5,
18,15,13,4,1,
18,15,13,3,2,
18,15,12,6,
18,15,12,5,1,
18,15,12,4,2,
18,15,12,3,2,1,
18,15,11,7,
18,15,11,6,1,
18,15,11,5,2,
18,15,11,4,3,
18,15,11,4,2,1,
18,15,10,8,
18,15,10,7,1,
18,15,10,6,2,
18,15,10,5,3,
18,15,10,5,2,1,
18,15,10,4,3,1,
18,15,9,8,1,
18,15,9,7,2,
18,15,9,6,3,
18,15,9,6,2,1,
18,15,9,5,4,
18,15,9,5,3,1,
18,15,9,4,3,2,
18,15,8,7,3,
18,15,8,7,2,1,
18,15,8,6,4,
18,15,8,6,3,1,
18,15,8,5,4,1,
18,15,8,5,3,2,
18,15,8,4,3,2,1,
18,15,7,6,5,
18,15,7,6,4,1,
18,15,7,6,3,2,
18,15,7,5,4,2,
18,15,7,5,3,2,1,
18,15,6,5,4,3,
18,15,6,5,4,2,1,
18,14,13,6,
18,14,13,5,1,
18,14,13,4,2,
18,14,13,3,2,1,
18,14,12,7,
18,14,12,6,1,
18,14,12,5,2,
18,14,12,4,3,
18,14,12,4,2,1,
18,14,11,8,
18,14,11,7,1,
18,14,11,6,2,
18,14,11,5,3,
18,14,11,5,2,1,
18,14,11,4,3,1,
18,14,10,9,
18,14,10,8,1,
18,14,10,7,2,
18,14,10,6,3,
18,14,10,6,2,1,
18,14,10,5,4,
18,14,10,5,3,1,
18,14,10,4,3,2,
18,14,9,8,2,
18,14,9,7,3,
18,14,9,7,2,1,
18,14,9,6,4,
18,14,9,6,3,1,
18,14,9,5,4,1,
18,14,9,5,3,2,
18,14,9,4,3,2,1,
18,14,8,7,4,
18,14,8,7,3,1,
18,14,8,6,5,
18,14,8,6,4,1,
18,14,8,6,3,2,
18,14,8,5,4,2,
18,14,8,5,3,2,1,
18,14,7,6,5,1,
18,14,7,6,4,2,
18,14,7,6,3,2,1,
18,14,7,5,4,3,
18,14,7,5,4,2,1,
18,14,6,5,4,3,1,
18,13,12,8,
18,13,12,7,1,
18,13,12,6,2,
18,13,12,5,3,
18,13,12,5,2,1,
18,13,12,4,3,1,
18,13,11,9,
18,13,11,8,1,
18,13,11,7,2,
18,13,11,6,3,
18,13,11,6,2,1,
18,13,11,5,4,
18,13,11,5,3,1,
18,13,11,4,3,2,
18,13,10,9,1,
18,13,10,8,2,
18,13,10,7,3,
18,13,10,7,2,1,
18,13,10,6,4,
18,13,10,6,3,1,
18,13,10,5,4,1,
18,13,10,5,3,2,
18,13,10,4,3,2,1,
18,13,9,8,3,
18,13,9,8,2,1,
18,13,9,7,4,
18,13,9,7,3,1,
18,13,9,6,5,
18,13,9,6,4,1,
18,13,9,6,3,2,
18,13,9,5,4,2,
18,13,9,5,3,2,1,
18,13,8,7,5,
18,13,8,7,4,1,
18,13,8,7,3,2,
18,13,8,6,5,1,
18,13,8,6,4,2,
18,13,8,6,3,2,1,
18,13,8,5,4,3,
18,13,8,5,4,2,1,
18,13,7,6,5,2,
18,13,7,6,4,3,
18,13,7,6,4,2,1,
18,13,7,5,4,3,1,
18,13,6,5,4,3,2,
18,12,11,10,
18,12,11,9,1,
18,12,11,8,2,
18,12,11,7,3,
18,12,11,7,2,1,
18,12,11,6,4,
18,12,11,6,3,1,
18,12,11,5,4,1,
18,12,11,5,3,2,
18,12,11,4,3,2,1,
18,12,10,9,2,
18,12,10,8,3,
18,12,10,8,2,1,
18,12,10,7,4,
18,12,10,7,3,1,
18,12,10,6,5,
18,12,10,6,4,1,
18,12,10,6,3,2,
18,12,10,5,4,2,
18,12,10,5,3,2,1,
18,12,9,8,4,
18,12,9,8,3,1,
18,12,9,7,5,
18,12,9,7,4,1,
18,12,9,7,3,2,
18,12,9,6,5,1,
18,12,9,6,4,2,
18,12,9,6,3,2,1,
18,12,9,5,4,3,
18,12,9,5,4,2,1,
18,12,8,7,6,
18,12,8,7,5,1,
18,12,8,7,4,2,
18,12,8,7,3,2,1,
18,12,8,6,5,2,
18,12,8,6,4,3,
18,12,8,6,4,2,1,
18,12,8,5,4,3,1,
18,12,7,6,5,3,
18,12,7,6,5,2,1,
18,12,7,6,4,3,1,
18,12,7,5,4,3,2,
18,12,6,5,4,3,2,1,
18,11,10,9,3,
18,11,10,9,2,1,
18,11,10,8,4,
18,11,10,8,3,1,
18,11,10,7,5,
18,11,10,7,4,1,
18,11,10,7,3,2,
18,11,10,6,5,1,
18,11,10,6,4,2,
18,11,10,6,3,2,1,
18,11,10,5,4,3,
18,11,10,5,4,2,1,
18,11,9,8,5,
18,11,9,8,4,1,
18,11,9,8,3,2,
18,11,9,7,6,
18,11,9,7,5,1,
18,11,9,7,4,2,
18,11,9,7,3,2,1,
18,11,9,6,5,2,
18,11,9,6,4,3,
18,11,9,6,4,2,1,
18,11,9,5,4,3,1,
18,11,8,7,6,1,
18,11,8,7,5,2,
18,11,8,7,4,3,
18,11,8,7,4,2,1,
18,11,8,6,5,3,
18,11,8,6,5,2,1,
18,11,8,6,4,3,1,
18,11,8,5,4,3,2,
18,11,7,6,5,4,
18,11,7,6,5,3,1,
18,11,7,6,4,3,2,
18,11,7,5,4,3,2,1,
18,10,9,8,6,
18,10,9,8,5,1,
18,10,9,8,4,2,
18,10,9,8,3,2,1,
18,10,9,7,6,1,
18,10,9,7,5,2,
18,10,9,7,4,3,
18,10,9,7,4,2,1,
18,10,9,6,5,3,
18,10,9,6,5,2,1,
18,10,9,6,4,3,1,
18,10,9,5,4,3,2,
18,10,8,7,6,2,
18,10,8,7,5,3,
18,10,8,7,5,2,1,
18,10,8,7,4,3,1,
18,10,8,6,5,4,
18,10,8,6,5,3,1,
18,10,8,6,4,3,2,
18,10,8,5,4,3,2,1,
18,10,7,6,5,4,1,
18,10,7,6,5,3,2,
18,10,7,6,4,3,2,1,
18,9,8,7,6,3,
18,9,8,7,6,2,1,
18,9,8,7,5,4,
18,9,8,7,5,3,1,
18,9,8,7,4,3,2,
18,9,8,6,5,4,1,
18,9,8,6,5,3,2,
18,9,8,6,4,3,2,1,
18,9,7,6,5,4,2,
18,9,7,6,5,3,2,1,
18,8,7,6,5,4,3,
18,8,7,6,5,4,2,1,
17,16,15,3,
17,16,15,2,1,
17,16,14,4,
17,16,14,3,1,
17,16,13,5,
17,16,13,4,1,
17,16,13,3,2,
17,16,12,6,
17,16,12,5,1,
17,16,12,4,2,
17,16,12,3,2,1,
17,16,11,7,
17,16,11,6,1,
17,16,11,5,2,
17,16,11,4,3,
17,16,11,4,2,1,
17,16,10,8,
17,16,10,7,1,
17,16,10,6,2,
17,16,10,5,3,
17,16,10,5,2,1,
17,16,10,4,3,1,
17,16,9,8,1,
17,16,9,7,2,
17,16,9,6,3,
17,16,9,6,2,1,
17,16,9,5,4,
17,16,9,5,3,1,
17,16,9,4,3,2,
17,16,8,7,3,
17,16,8,7,2,1,
17,16,8,6,4,
17,16,8,6,3,1,
17,16,8,5,4,1,
17,16,8,5,3,2,
17,16,8,4,3,2,1,
17,16,7,6,5,
17,16,7,6,4,1,
17,16,7,6,3,2,
17,16,7,5,4,2,
17,16,7,5,3,2,1,
17,16,6,5,4,3,
17,16,6,5,4,2,1,
17,15,14,5,
17,15,14,4,1,
17,15,14,3,2,
17,15,13,6,
17,15,13,5,1,
17,15,13,4,2,
17,15,13,3,2,1,
17,15,12,7,
17,15,12,6,1,
17,15,12,5,2,
17,15,12,4,3,
17,15,12,4,2,1,
17,15,11,8,
17,15,11,7,1,
17,15,11,6,2,
17,15,11,5,3,
17,15,11,5,2,1,
17,15,11,4,3,1,
17,15,10,9,
17,15,10,8,1,
17,15,10,7,2,
17,15,10,6,3,
17,15,10,6,2,1,
17,15,10,5,4,
17,15,10,5,3,1,
17,15,10,4,3,2,
17,15,9,8,2,
17,15,9,7,3,
17,15,9,7,2,1,
17,15,9,6,4,
17,15,9,6,3,1,
17,15,9,5,4,1,
17,15,9,5,3,2,
17,15,9,4,3,2,1,
17,15,8,7,4,
17,15,8,7,3,1,
17,15,8,6,5,
17,15,8,6,4,1,
17,15,8,6,3,2,
17,15,8,5,4,2,
17,15,8,5,3,2,1,
17,15,7,6,5,1,
17,15,7,6,4,2,
17,15,7,6,3,2,1,
17,15,7,5,4,3,
17,15,7,5,4,2,1,
17,15,6,5,4,3,1,
17,14,13,7,
17,14,13,6,1,
17,14,13,5,2,
17,14,13,4,3,
17,14,13,4,2,1,
17,14,12,8,
17,14,12,7,1,
17,14,12,6,2,
17,14,12,5,3,
17,14,12,5,2,1,
17,14,12,4,3,1,
17,14,11,9,
17,14,11,8,1,
17,14,11,7,2,
17,14,11,6,3,
17,14,11,6,2,1,
17,14,11,5,4,
17,14,11,5,3,1,
17,14,11,4,3,2,
17,14,10,9,1,
17,14,10,8,2,
17,14,10,7,3,
17,14,10,7,2,1,
17,14,10,6,4,
17,14,10,6,3,1,
17,14,10,5,4,1,
17,14,10,5,3,2,
17,14,10,4,3,2,1,
17,14,9,8,3,
17,14,9,8,2,1,
17,14,9,7,4,
17,14,9,7,3,1,
17,14,9,6,5,
17,14,9,6,4,1,
17,14,9,6,3,2,
17,14,9,5,4,2,
17,14,9,5,3,2,1,
17,14,8,7,5,
17,14,8,7,4,1,
17,14,8,7,3,2,
17,14,8,6,5,1,
17,14,8,6,4,2,
17,14,8,6,3,2,1,
17,14,8,5,4,3,
17,14,8,5,4,2,1,
17,14,7,6,5,2,
17,14,7,6,4,3,
17,14,7,6,4,2,1,
17,14,7,5,4,3,1,
17,14,6,5,4,3,2,
17,13,12,9,
17,13,12,8,1,
17,13,12,7,2,
17,13,12,6,3,
17,13,12,6,2,1,
17,13,12,5,4,
17,13,12,5,3,1,
17,13,12,4,3,2,
17,13,11,10,
17,13,11,9,1,
17,13,11,8,2,
17,13,11,7,3,
17,13,11,7,2,1,
17,13,11,6,4,
17,13,11,6,3,1,
17,13,11,5,4,1,
17,13,11,5,3,2,
17,13,11,4,3,2,1,
17,13,10,9,2,
17,13,10,8,3,
17,13,10,8,2,1,
17,13,10,7,4,
17,13,10,7,3,1,
17,13,10,6,5,
17,13,10,6,4,1,
17,13,10,6,3,2,
17,13,10,5,4,2,
17,13,10,5,3,2,1,
17,13,9,8,4,
17,13,9,8,3,1,
17,13,9,7,5,
17,13,9,7,4,1,
17,13,9,7,3,2,
17,13,9,6,5,1,
17,13,9,6,4,2,
17,13,9,6,3,2,1,
17,13,9,5,4,3,
17,13,9,5,4,2,1,
17,13,8,7,6,
17,13,8,7,5,1,
17,13,8,7,4,2,
17,13,8,7,3,2,1,
17,13,8,6,5,2,
17,13,8,6,4,3,
17,13,8,6,4,2,1,
17,13,8,5,4,3,1,
17,13,7,6,5,3,
17,13,7,6,5,2,1,
17,13,7,6,4,3,1,
17,13,7,5,4,3,2,
17,13,6,5,4,3,2,1,
17,12,11,10,1,
17,12,11,9,2,
17,12,11,8,3,
17,12,11,8,2,1,
17,12,11,7,4,
17,12,11,7,3,1,
17,12,11,6,5,
17,12,11,6,4,1,
17,12,11,6,3,2,
17,12,11,5,4,2,
17,12,11,5,3,2,1,
17,12,10,9,3,
17,12,10,9,2,1,
17,12,10,8,4,
17,12,10,8,3,1,
17,12,10,7,5,
17,12,10,7,4,1,
17,12,10,7,3,2,
17,12,10,6,5,1,
17,12,10,6,4,2,
17,12,10,6,3,2,1,
17,12,10,5,4,3,
17,12,10,5,4,2,1,
17,12,9,8,5,
17,12,9,8,4,1,
17,12,9,8,3,2,
17,12,9,7,6,
17,12,9,7,5,1,
17,12,9,7,4,2,
17,12,9,7,3,2,1,
17,12,9,6,5,2,
17,12,9,6,4,3,
17,12,9,6,4,2,1,
17,12,9,5,4,3,1,
17,12,8,7,6,1,
17,12,8,7,5,2,
17,12,8,7,4,3,
17,12,8,7,4,2,1,
17,12,8,6,5,3,
17,12,8,6,5,2,1,
17,12,8,6,4,3,1,
17,12,8,5,4,3,2,
17,12,7,6,5,4,
17,12,7,6,5,3,1,
17,12,7,6,4,3,2,
17,12,7,5,4,3,2,1,
17,11,10,9,4,
17,11,10,9,3,1,
17,11,10,8,5,
17,11,10,8,4,1,
17,11,10,8,3,2,
17,11,10,7,6,
17,11,10,7,5,1,
17,11,10,7,4,2,
17,11,10,7,3,2,1,
17,11,10,6,5,2,
17,11,10,6,4,3,
17,11,10,6,4,2,1,
17,11,10,5,4,3,1,
17,11,9,8,6,
17,11,9,8,5,1,
17,11,9,8,4,2,
17,11,9,8,3,2,1,
17,11,9,7,6,1,
17,11,9,7,5,2,
17,11,9,7,4,3,
17,11,9,7,4,2,1,
17,11,9,6,5,3,
17,11,9,6,5,2,1,
17,11,9,6,4,3,1,
17,11,9,5,4,3,2,
17,11,8,7,6,2,
17,11,8,7,5,3,
17,11,8,7,5,2,1,
17,11,8,7,4,3,1,
17,11,8,6,5,4,
17,11,8,6,5,3,1,
17,11,8,6,4,3,2,
17,11,8,5,4,3,2,1,
17,11,7,6,5,4,1,
17,11,7,6,5,3,2,
17,11,7,6,4,3,2,1,
17,10,9,8,7,
17,10,9,8,6,1,
17,10,9,8,5,2,
17,10,9,8,4,3,
17,10,9,8,4,2,1,
17,10,9,7,6,2,
17,10,9,7,5,3,
17,10,9,7,5,2,1,
17,10,9,7,4,3,1,
17,10,9,6,5,4,
17,10,9,6,5,3,1,
17,10,9,6,4,3,2,
17,10,9,5,4,3,2,1,
17,10,8,7,6,3,
17,10,8,7,6,2,1,
17,10,8,7,5,4,
17,10,8,7,5,3,1,
17,10,8,7,4,3,2,
17,10,8,6,5,4,1,
17,10,8,6,5,3,2,
17,10,8,6,4,3,2,1,
17,10,7,6,5,4,2,
17,10,7,6,5,3,2,1,
17,9,8,7,6,4,
17,9,8,7,6,3,1,
17,9,8,7,5,4,1,
17,9,8,7,5,3,2,
17,9,8,7,4,3,2,1,
17,9,8,6,5,4,2,
17,9,8,6,5,3,2,1,
17,9,7,6,5,4,3,
17,9,7,6,5,4,2,1,
17,8,7,6,5,4,3,1,
16,15,14,6,
16,15,14,5,1,
16,15,14,4,2,
16,15,14,3,2,1,
16,15,13,7,
16,15,13,6,1,
16,15,13,5,2,
16,15,13,4,3,
16,15,13,4,2,1,
16,15,12,8,
16,15,12,7,1,
16,15,12,6,2,
16,15,12,5,3,
16,15,12,5,2,1,
16,15,12,4,3,1,
16,15,11,9,
16,15,11,8,1,
16,15,11,7,2,
16,15,11,6,3,
16,15,11,6,2,1,
16,15,11,5,4,
16,15,11,5,3,1,
16,15,11,4,3,2,
16,15,10,9,1,
16,15,10,8,2,
16,15,10,7,3,
16,15,10,7,2,1,
16,15,10,6,4,
16,15,10,6,3,1,
16,15,10,5,4,1,
16,15,10,5,3,2,
16,15,10,4,3,2,1,
16,15,9,8,3,
16,15,9,8,2,1,
16,15,9,7,4,
16,15,9,7,3,1,
16,15,9,6,5,
16,15,9,6,4,1,
16,15,9,6,3,2,
16,15,9,5,4,2,
16,15,9,5,3,2,1,
16,15,8,7,5,
16,15,8,7,4,1,
16,15,8,7,3,2,
16,15,8,6,5,1,
16,15,8,6,4,2,
16,15,8,6,3,2,1,
16,15,8,5,4,3,
16,15,8,5,4,2,1,
16,15,7,6,5,2,
16,15,7,6,4,3,
16,15,7,6,4,2,1,
16,15,7,5,4,3,1,
16,15,6,5,4,3,2,
16,14,13,8,
16,14,13,7,1,
16,14,13,6,2,
16,14,13,5,3,
16,14,13,5,2,1,
16,14,13,4,3,1,
16,14,12,9,
16,14,12,8,1,
16,14,12,7,2,
16,14,12,6,3,
16,14,12,6,2,1,
16,14,12,5,4,
16,14,12,5,3,1,
16,14,12,4,3,2,
16,14,11,10,
16,14,11,9,1,
16,14,11,8,2,
16,14,11,7,3,
16,14,11,7,2,1,
16,14,11,6,4,
16,14,11,6,3,1,
16,14,11,5,4,1,
16,14,11,5,3,2,
16,14,11,4,3,2,1,
16,14,10,9,2,
16,14,10,8,3,
16,14,10,8,2,1,
16,14,10,7,4,
16,14,10,7,3,1,
16,14,10,6,5,
16,14,10,6,4,1,
16,14,10,6,3,2,
16,14,10,5,4,2,
16,14,10,5,3,2,1,
16,14,9,8,4,
16,14,9,8,3,1,
16,14,9,7,5,
16,14,9,7,4,1,
16,14,9,7,3,2,
16,14,9,6,5,1,
16,14,9,6,4,2,
16,14,9,6,3,2,1,
16,14,9,5,4,3,
16,14,9,5,4,2,1,
16,14,8,7,6,
16,14,8,7,5,1,
16,14,8,7,4,2,
16,14,8,7,3,2,1,
16,14,8,6,5,2,
16,14,8,6,4,3,
16,14,8,6,4,2,1,
16,14,8,5,4,3,1,
16,14,7,6,5,3,
16,14,7,6,5,2,1,
16,14,7,6,4,3,1,
16,14,7,5,4,3,2,
16,14,6,5,4,3,2,1,
16,13,12,10,
16,13,12,9,1,
16,13,12,8,2,
16,13,12,7,3,
16,13,12,7,2,1,
16,13,12,6,4,
16,13,12,6,3,1,
16,13,12,5,4,1,
16,13,12,5,3,2,
16,13,12,4,3,2,1,
16,13,11,10,1,
16,13,11,9,2,
16,13,11,8,3,
16,13,11,8,2,1,
16,13,11,7,4,
16,13,11,7,3,1,
16,13,11,6,5,
16,13,11,6,4,1,
16,13,11,6,3,2,
16,13,11,5,4,2,
16,13,11,5,3,2,1,
16,13,10,9,3,
16,13,10,9,2,1,
16,13,10,8,4,
16,13,10,8,3,1,
16,13,10,7,5,
16,13,10,7,4,1,
16,13,10,7,3,2,
16,13,10,6,5,1,
16,13,10,6,4,2,
16,13,10,6,3,2,1,
16,13,10,5,4,3,
16,13,10,5,4,2,1,
16,13,9,8,5,
16,13,9,8,4,1,
16,13,9,8,3,2,
16,13,9,7,6,
16,13,9,7,5,1,
16,13,9,7,4,2,
16,13,9,7,3,2,1,
16,13,9,6,5,2,
16,13,9,6,4,3,
16,13,9,6,4,2,1,
16,13,9,5,4,3,1,
16,13,8,7,6,1,
16,13,8,7,5,2,
16,13,8,7,4,3,
16,13,8,7,4,2,1,
16,13,8,6,5,3,
16,13,8,6,5,2,1,
16,13,8,6,4,3,1,
16,13,8,5,4,3,2,
16,13,7,6,5,4,
16,13,7,6,5,3,1,
16,13,7,6,4,3,2,
16,13,7,5,4,3,2,1,
16,12,11,10,2,
16,12,11,9,3,
16,12,11,9,2,1,
16,12,11,8,4,
16,12,11,8,3,1,
16,12,11,7,5,
16,12,11,7,4,1,
16,12,11,7,3,2,
16,12,11,6,5,1,
16,12,11,6,4,2,
16,12,11,6,3,2,1,
16,12,11,5,4,3,
16,12,11,5,4,2,1,
16,12,10,9,4,
16,12,10,9,3,1,
16,12,10,8,5,
16,12,10,8,4,1,
16,12,10,8,3,2,
16,12,10,7,6,
16,12,10,7,5,1,
16,12,10,7,4,2,
16,12,10,7,3,2,1,
16,12,10,6,5,2,
16,12,10,6,4,3,
16,12,10,6,4,2,1,
16,12,10,5,4,3,1,
16,12,9,8,6,
16,12,9,8,5,1,
16,12,9,8,4,2,
16,12,9,8,3,2,1,
16,12,9,7,6,1,
16,12,9,7,5,2,
16,12,9,7,4,3,
16,12,9,7,4,2,1,
16,12,9,6,5,3,
16,12,9,6,5,2,1,
16,12,9,6,4,3,1,
16,12,9,5,4,3,2,
16,12,8,7,6,2,
16,12,8,7,5,3,
16,12,8,7,5,2,1,
16,12,8,7,4,3,1,
16,12,8,6,5,4,
16,12,8,6,5,3,1,
16,12,8,6,4,3,2,
16,12,8,5,4,3,2,1,
16,12,7,6,5,4,1,
16,12,7,6,5,3,2,
16,12,7,6,4,3,2,1,
16,11,10,9,5,
16,11,10,9,4,1,
16,11,10,9,3,2,
16,11,10,8,6,
16,11,10,8,5,1,
16,11,10,8,4,2,
16,11,10,8,3,2,1,
16,11,10,7,6,1,
16,11,10,7,5,2,
16,11,10,7,4,3,
16,11,10,7,4,2,1,
16,11,10,6,5,3,
16,11,10,6,5,2,1,
16,11,10,6,4,3,1,
16,11,10,5,4,3,2,
16,11,9,8,7,
16,11,9,8,6,1,
16,11,9,8,5,2,
16,11,9,8,4,3,
16,11,9,8,4,2,1,
16,11,9,7,6,2,
16,11,9,7,5,3,
16,11,9,7,5,2,1,
16,11,9,7,4,3,1,
16,11,9,6,5,4,
16,11,9,6,5,3,1,
16,11,9,6,4,3,2,
16,11,9,5,4,3,2,1,
16,11,8,7,6,3,
16,11,8,7,6,2,1,
16,11,8,7,5,4,
16,11,8,7,5,3,1,
16,11,8,7,4,3,2,
16,11,8,6,5,4,1,
16,11,8,6,5,3,2,
16,11,8,6,4,3,2,1,
16,11,7,6,5,4,2,
16,11,7,6,5,3,2,1,
16,10,9,8,7,1,
16,10,9,8,6,2,
16,10,9,8,5,3,
16,10,9,8,5,2,1,
16,10,9,8,4,3,1,
16,10,9,7,6,3,
16,10,9,7,6,2,1,
16,10,9,7,5,4,
16,10,9,7,5,3,1,
16,10,9,7,4,3,2,
16,10,9,6,5,4,1,
16,10,9,6,5,3,2,
16,10,9,6,4,3,2,1,
16,10,8,7,6,4,
16,10,8,7,6,3,1,
16,10,8,7,5,4,1,
16,10,8,7,5,3,2,
16,10,8,7,4,3,2,1,
16,10,8,6,5,4,2,
16,10,8,6,5,3,2,1,
16,10,7,6,5,4,3,
16,10,7,6,5,4,2,1,
16,9,8,7,6,5,
16,9,8,7,6,4,1,
16,9,8,7,6,3,2,
16,9,8,7,5,4,2,
16,9,8,7,5,3,2,1,
16,9,8,6,5,4,3,
16,9,8,6,5,4,2,1,
16,9,7,6,5,4,3,1,
16,8,7,6,5,4,3,2,
15,14,13,9,
15,14,13,8,1,
15,14,13,7,2,
15,14,13,6,3,
15,14,13,6,2,1,
15,14,13,5,4,
15,14,13,5,3,1,
15,14,13,4,3,2,
15,14,12,10,
15,14,12,9,1,
15,14,12,8,2,
15,14,12,7,3,
15,14,12,7,2,1,
15,14,12,6,4,
15,14,12,6,3,1,
15,14,12,5,4,1,
15,14,12,5,3,2,
15,14,12,4,3,2,1,
15,14,11,10,1,
15,14,11,9,2,
15,14,11,8,3,
15,14,11,8,2,1,
15,14,11,7,4,
15,14,11,7,3,1,
15,14,11,6,5,
15,14,11,6,4,1,
15,14,11,6,3,2,
15,14,11,5,4,2,
15,14,11,5,3,2,1,
15,14,10,9,3,
15,14,10,9,2,1,
15,14,10,8,4,
15,14,10,8,3,1,
15,14,10,7,5,
15,14,10,7,4,1,
15,14,10,7,3,2,
15,14,10,6,5,1,
15,14,10,6,4,2,
15,14,10,6,3,2,1,
15,14,10,5,4,3,
15,14,10,5,4,2,1,
15,14,9,8,5,
15,14,9,8,4,1,
15,14,9,8,3,2,
15,14,9,7,6,
15,14,9,7,5,1,
15,14,9,7,4,2,
15,14,9,7,3,2,1,
15,14,9,6,5,2,
15,14,9,6,4,3,
15,14,9,6,4,2,1,
15,14,9,5,4,3,1,
15,14,8,7,6,1,
15,14,8,7,5,2,
15,14,8,7,4,3,
15,14,8,7,4,2,1,
15,14,8,6,5,3,
15,14,8,6,5,2,1,
15,14,8,6,4,3,1,
15,14,8,5,4,3,2,
15,14,7,6,5,4,
15,14,7,6,5,3,1,
15,14,7,6,4,3,2,
15,14,7,5,4,3,2,1,
15,13,12,11,
15,13,12,10,1,
15,13,12,9,2,
15,13,12,8,3,
15,13,12,8,2,1,
15,13,12,7,4,
15,13,12,7,3,1,
15,13,12,6,5,
15,13,12,6,4,1,
15,13,12,6,3,2,
15,13,12,5,4,2,
15,13,12,5,3,2,1,
15,13,11,10,2,
15,13,11,9,3,
15,13,11,9,2,1,
15,13,11,8,4,
15,13,11,8,3,1,
15,13,11,7,5,
15,13,11,7,4,1,
15,13,11,7,3,2,
15,13,11,6,5,1,
15,13,11,6,4,2,
15,13,11,6,3,2,1,
15,13,11,5,4,3,
15,13,11,5,4,2,1,
15,13,10,9,4,
15,13,10,9,3,1,
15,13,10,8,5,
15,13,10,8,4,1,
15,13,10,8,3,2,
15,13,10,7,6,
15,13,10,7,5,1,
15,13,10,7,4,2,
15,13,10,7,3,2,1,
15,13,10,6,5,2,
15,13,10,6,4,3,
15,13,10,6,4,2,1,
15,13,10,5,4,3,1,
15,13,9,8,6,
15,13,9,8,5,1,
15,13,9,8,4,2,
15,13,9,8,3,2,1,
15,13,9,7,6,1,
15,13,9,7,5,2,
15,13,9,7,4,3,
15,13,9,7,4,2,1,
15,13,9,6,5,3,
15,13,9,6,5,2,1,
15,13,9,6,4,3,1,
15,13,9,5,4,3,2,
15,13,8,7,6,2,
15,13,8,7,5,3,
15,13,8,7,5,2,1,
15,13,8,7,4,3,1,
15,13,8,6,5,4,
15,13,8,6,5,3,1,
15,13,8,6,4,3,2,
15,13,8,5,4,3,2,1,
15,13,7,6,5,4,1,
15,13,7,6,5,3,2,
15,13,7,6,4,3,2,1,
15,12,11,10,3,
15,12,11,10,2,1,
15,12,11,9,4,
15,12,11,9,3,1,
15,12,11,8,5,
15,12,11,8,4,1,
15,12,11,8,3,2,
15,12,11,7,6,
15,12,11,7,5,1,
15,12,11,7,4,2,
15,12,11,7,3,2,1,
15,12,11,6,5,2,
15,12,11,6,4,3,
15,12,11,6,4,2,1,
15,12,11,5,4,3,1,
15,12,10,9,5,
15,12,10,9,4,1,
15,12,10,9,3,2,
15,12,10,8,6,
15,12,10,8,5,1,
15,12,10,8,4,2,
15,12,10,8,3,2,1,
15,12,10,7,6,1,
15,12,10,7,5,2,
15,12,10,7,4,3,
15,12,10,7,4,2,1,
15,12,10,6,5,3,
15,12,10,6,5,2,1,
15,12,10,6,4,3,1,
15,12,10,5,4,3,2,
15,12,9,8,7,
15,12,9,8,6,1,
15,12,9,8,5,2,
15,12,9,8,4,3,
15,12,9,8,4,2,1,
15,12,9,7,6,2,
15,12,9,7,5,3,
15,12,9,7,5,2,1,
15,12,9,7,4,3,1,
15,12,9,6,5,4,
15,12,9,6,5,3,1,
15,12,9,6,4,3,2,
15,12,9,5,4,3,2,1,
15,12,8,7,6,3,
15,12,8,7,6,2,1,
15,12,8,7,5,4,
15,12,8,7,5,3,1,
15,12,8,7,4,3,2,
15,12,8,6,5,4,1,
15,12,8,6,5,3,2,
15,12,8,6,4,3,2,1,
15,12,7,6,5,4,2,
15,12,7,6,5,3,2,1,
15,11,10,9,6,
15,11,10,9,5,1,
15,11,10,9,4,2,
15,11,10,9,3,2,1,
15,11,10,8,7,
15,11,10,8,6,1,
15,11,10,8,5,2,
15,11,10,8,4,3,
15,11,10,8,4,2,1,
15,11,10,7,6,2,
15,11,10,7,5,3,
15,11,10,7,5,2,1,
15,11,10,7,4,3,1,
15,11,10,6,5,4,
15,11,10,6,5,3,1,
15,11,10,6,4,3,2,
15,11,10,5,4,3,2,1,
15,11,9,8,7,1,
15,11,9,8,6,2,
15,11,9,8,5,3,
15,11,9,8,5,2,1,
15,11,9,8,4,3,1,
15,11,9,7,6,3,
15,11,9,7,6,2,1,
15,11,9,7,5,4,
15,11,9,7,5,3,1,
15,11,9,7,4,3,2,
15,11,9,6,5,4,1,
15,11,9,6,5,3,2,
15,11,9,6,4,3,2,1,
15,11,8,7,6,4,
15,11,8,7,6,3,1,
15,11,8,7,5,4,1,
15,11,8,7,5,3,2,
15,11,8,7,4,3,2,1,
15,11,8,6,5,4,2,
15,11,8,6,5,3,2,1,
15,11,7,6,5,4,3,
15,11,7,6,5,4,2,1,
15,10,9,8,7,2,
15,10,9,8,6,3,
15,10,9,8,6,2,1,
15,10,9,8,5,4,
15,10,9,8,5,3,1,
15,10,9,8,4,3,2,
15,10,9,7,6,4,
15,10,9,7,6,3,1,
15,10,9,7,5,4,1,
15,10,9,7,5,3,2,
15,10,9,7,4,3,2,1,
15,10,9,6,5,4,2,
15,10,9,6,5,3,2,1,
15,10,8,7,6,5,
15,10,8,7,6,4,1,
15,10,8,7,6,3,2,
15,10,8,7,5,4,2,
15,10,8,7,5,3,2,1,
15,10,8,6,5,4,3,
15,10,8,6,5,4,2,1,
15,10,7,6,5,4,3,1,
15,9,8,7,6,5,1,
15,9,8,7,6,4,2,
15,9,8,7,6,3,2,1,
15,9,8,7,5,4,3,
15,9,8,7,5,4,2,1,
15,9,8,6,5,4,3,1,
15,9,7,6,5,4,3,2,
15,8,7,6,5,4,3,2,1,
14,13,12,11,1,
14,13,12,10,2,
14,13,12,9,3,
14,13,12,9,2,1,
14,13,12,8,4,
14,13,12,8,3,1,
14,13,12,7,5,
14,13,12,7,4,1,
14,13,12,7,3,2,
14,13,12,6,5,1,
14,13,12,6,4,2,
14,13,12,6,3,2,1,
14,13,12,5,4,3,
14,13,12,5,4,2,1,
14,13,11,10,3,
14,13,11,10,2,1,
14,13,11,9,4,
14,13,11,9,3,1,
14,13,11,8,5,
14,13,11,8,4,1,
14,13,11,8,3,2,
14,13,11,7,6,
14,13,11,7,5,1,
14,13,11,7,4,2,
14,13,11,7,3,2,1,
14,13,11,6,5,2,
14,13,11,6,4,3,
14,13,11,6,4,2,1,
14,13,11,5,4,3,1,
14,13,10,9,5,
14,13,10,9,4,1,
14,13,10,9,3,2,
14,13,10,8,6,
14,13,10,8,5,1,
14,13,10,8,4,2,
14,13,10,8,3,2,1,
14,13,10,7,6,1,
14,13,10,7,5,2,
14,13,10,7,4,3,
14,13,10,7,4,2,1,
14,13,10,6,5,3,
14,13,10,6,5,2,1,
14,13,10,6,4,3,1,
14,13,10,5,4,3,2,
14,13,9,8,7,
14,13,9,8,6,1,
14,13,9,8,5,2,
14,13,9,8,4,3,
14,13,9,8,4,2,1,
14,13,9,7,6,2,
14,13,9,7,5,3,
14,13,9,7,5,2,1,
14,13,9,7,4,3,1,
14,13,9,6,5,4,
14,13,9,6,5,3,1,
14,13,9,6,4,3,2,
14,13,9,5,4,3,2,1,
14,13,8,7,6,3,
14,13,8,7,6,2,1,
14,13,8,7,5,4,
14,13,8,7,5,3,1,
14,13,8,7,4,3,2,
14,13,8,6,5,4,1,
14,13,8,6,5,3,2,
14,13,8,6,4,3,2,1,
14,13,7,6,5,4,2,
14,13,7,6,5,3,2,1,
14,12,11,10,4,
14,12,11,10,3,1,
14,12,11,9,5,
14,12,11,9,4,1,
14,12,11,9,3,2,
14,12,11,8,6,
14,12,11,8,5,1,
14,12,11,8,4,2,
14,12,11,8,3,2,1,
14,12,11,7,6,1,
14,12,11,7,5,2,
14,12,11,7,4,3,
14,12,11,7,4,2,1,
14,12,11,6,5,3,
14,12,11,6,5,2,1,
14,12,11,6,4,3,1,
14,12,11,5,4,3,2,
14,12,10,9,6,
14,12,10,9,5,1,
14,12,10,9,4,2,
14,12,10,9,3,2,1,
14,12,10,8,7,
14,12,10,8,6,1,
14,12,10,8,5,2,
14,12,10,8,4,3,
14,12,10,8,4,2,1,
14,12,10,7,6,2,
14,12,10,7,5,3,
14,12,10,7,5,2,1,
14,12,10,7,4,3,1,
14,12,10,6,5,4,
14,12,10,6,5,3,1,
14,12,10,6,4,3,2,
14,12,10,5,4,3,2,1,
14,12,9,8,7,1,
14,12,9,8,6,2,
14,12,9,8,5,3,
14,12,9,8,5,2,1,
14,12,9,8,4,3,1,
14,12,9,7,6,3,
14,12,9,7,6,2,1,
14,12,9,7,5,4,
14,12,9,7,5,3,1,
14,12,9,7,4,3,2,
14,12,9,6,5,4,1,
14,12,9,6,5,3,2,
14,12,9,6,4,3,2,1,
14,12,8,7,6,4,
14,12,8,7,6,3,1,
14,12,8,7,5,4,1,
14,12,8,7,5,3,2,
14,12,8,7,4,3,2,1,
14,12,8,6,5,4,2,
14,12,8,6,5,3,2,1,
14,12,7,6,5,4,3,
14,12,7,6,5,4,2,1,
14,11,10,9,7,
14,11,10,9,6,1,
14,11,10,9,5,2,
14,11,10,9,4,3,
14,11,10,9,4,2,1,
14,11,10,8,7,1,
14,11,10,8,6,2,
14,11,10,8,5,3,
14,11,10,8,5,2,1,
14,11,10,8,4,3,1,
14,11,10,7,6,3,
14,11,10,7,6,2,1,
14,11,10,7,5,4,
14,11,10,7,5,3,1,
14,11,10,7,4,3,2,
14,11,10,6,5,4,1,
14,11,10,6,5,3,2,
14,11,10,6,4,3,2,1,
14,11,9,8,7,2,
14,11,9,8,6,3,
14,11,9,8,6,2,1,
14,11,9,8,5,4,
14,11,9,8,5,3,1,
14,11,9,8,4,3,2,
14,11,9,7,6,4,
14,11,9,7,6,3,1,
14,11,9,7,5,4,1,
14,11,9,7,5,3,2,
14,11,9,7,4,3,2,1,
14,11,9,6,5,4,2,
14,11,9,6,5,3,2,1,
14,11,8,7,6,5,
14,11,8,7,6,4,1,
14,11,8,7,6,3,2,
14,11,8,7,5,4,2,
14,11,8,7,5,3,2,1,
14,11,8,6,5,4,3,
14,11,8,6,5,4,2,1,
14,11,7,6,5,4,3,1,
14,10,9,8,7,3,
14,10,9,8,7,2,1,
14,10,9,8,6,4,
14,10,9,8,6,3,1,
14,10,9,8,5,4,1,
14,10,9,8,5,3,2,
14,10,9,8,4,3,2,1,
14,10,9,7,6,5,
14,10,9,7,6,4,1,
14,10,9,7,6,3,2,
14,10,9,7,5,4,2,
14,10,9,7,5,3,2,1,
14,10,9,6,5,4,3,
14,10,9,6,5,4,2,1,
14,10,8,7,6,5,1,
14,10,8,7,6,4,2,
14,10,8,7,6,3,2,1,
14,10,8,7,5,4,3,
14,10,8,7,5,4,2,1,
14,10,8,6,5,4,3,1,
14,10,7,6,5,4,3,2,
14,9,8,7,6,5,2,
14,9,8,7,6,4,3,
14,9,8,7,6,4,2,1,
14,9,8,7,5,4,3,1,
14,9,8,6,5,4,3,2,
14,9,7,6,5,4,3,2,1,
13,12,11,10,5,
13,12,11,10,4,1,
13,12,11,10,3,2,
13,12,11,9,6,
13,12,11,9,5,1,
13,12,11,9,4,2,
13,12,11,9,3,2,1,
13,12,11,8,7,
13,12,11,8,6,1,
13,12,11,8,5,2,
13,12,11,8,4,3,
13,12,11,8,4,2,1,
13,12,11,7,6,2,
13,12,11,7,5,3,
13,12,11,7,5,2,1,
13,12,11,7,4,3,1,
13,12,11,6,5,4,
13,12,11,6,5,3,1,
13,12,11,6,4,3,2,
13,12,11,5,4,3,2,1,
13,12,10,9,7,
13,12,10,9,6,1,
13,12,10,9,5,2,
13,12,10,9,4,3,
13,12,10,9,4,2,1,
13,12,10,8,7,1,
13,12,10,8,6,2,
13,12,10,8,5,3,
13,12,10,8,5,2,1,
13,12,10,8,4,3,1,
13,12,10,7,6,3,
13,12,10,7,6,2,1,
13,12,10,7,5,4,
13,12,10,7,5,3,1,
13,12,10,7,4,3,2,
13,12,10,6,5,4,1,
13,12,10,6,5,3,2,
13,12,10,6,4,3,2,1,
13,12,9,8,7,2,
13,12,9,8,6,3,
13,12,9,8,6,2,1,
13,12,9,8,5,4,
13,12,9,8,5,3,1,
13,12,9,8,4,3,2,
13,12,9,7,6,4,
13,12,9,7,6,3,1,
13,12,9,7,5,4,1,
13,12,9,7,5,3,2,
13,12,9,7,4,3,2,1,
13,12,9,6,5,4,2,
13,12,9,6,5,3,2,1,
13,12,8,7,6,5,
13,12,8,7,6,4,1,
13,12,8,7,6,3,2,
13,12,8,7,5,4,2,
13,12,8,7,5,3,2,1,
13,12,8,6,5,4,3,
13,12,8,6,5,4,2,1,
13,12,7,6,5,4,3,1,
13,11,10,9,8,
13,11,10,9,7,1,
13,11,10,9,6,2,
13,11,10,9,5,3,
13,11,10,9,5,2,1,
13,11,10,9,4,3,1,
13,11,10,8,7,2,
13,11,10,8,6,3,
13,11,10,8,6,2,1,
13,11,10,8,5,4,
13,11,10,8,5,3,1,
13,11,10,8,4,3,2,
13,11,10,7,6,4,
13,11,10,7,6,3,1,
13,11,10,7,5,4,1,
13,11,10,7,5,3,2,
13,11,10,7,4,3,2,1,
13,11,10,6,5,4,2,
13,11,10,6,5,3,2,1,
13,11,9,8,7,3,
13,11,9,8,7,2,1,
13,11,9,8,6,4,
13,11,9,8,6,3,1,
13,11,9,8,5,4,1,
13,11,9,8,5,3,2,
13,11,9,8,4,3,2,1,
13,11,9,7,6,5,
13,11,9,7,6,4,1,
13,11,9,7,6,3,2,
13,11,9,7,5,4,2,
13,11,9,7,5,3,2,1,
13,11,9,6,5,4,3,
13,11,9,6,5,4,2,1,
13,11,8,7,6,5,1,
13,11,8,7,6,4,2,
13,11,8,7,6,3,2,1,
13,11,8,7,5,4,3,
13,11,8,7,5,4,2,1,
13,11,8,6,5,4,3,1,
13,11,7,6,5,4,3,2,
13,10,9,8,7,4,
13,10,9,8,7,3,1,
13,10,9,8,6,5,
13,10,9,8,6,4,1,
13,10,9,8,6,3,2,
13,10,9,8,5,4,2,
13,10,9,8,5,3,2,1,
13,10,9,7,6,5,1,
13,10,9,7,6,4,2,
13,10,9,7,6,3,2,1,
13,10,9,7,5,4,3,
13,10,9,7,5,4,2,1,
13,10,9,6,5,4,3,1,
13,10,8,7,6,5,2,
13,10,8,7,6,4,3,
13,10,8,7,6,4,2,1,
13,10,8,7,5,4,3,1,
13,10,8,6,5,4,3,2,
13,10,7,6,5,4,3,2,1,
13,9,8,7,6,5,3,
13,9,8,7,6,5,2,1,
13,9,8,7,6,4,3,1,
13,9,8,7,5,4,3,2,
13,9,8,6,5,4,3,2,1,
12,11,10,9,8,1,
12,11,10,9,7,2,
12,11,10,9,6,3,
12,11,10,9,6,2,1,
12,11,10,9,5,4,
12,11,10,9,5,3,1,
12,11,10,9,4,3,2,
12,11,10,8,7,3,
12,11,10,8,7,2,1,
12,11,10,8,6,4,
12,11,10,8,6,3,1,
12,11,10,8,5,4,1,
12,11,10,8,5,3,2,
12,11,10,8,4,3,2,1,
12,11,10,7,6,5,
12,11,10,7,6,4,1,
12,11,10,7,6,3,2,
12,11,10,7,5,4,2,
12,11,10,7,5,3,2,1,
12,11,10,6,5,4,3,
12,11,10,6,5,4,2,1,
12,11,9,8,7,4,
12,11,9,8,7,3,1,
12,11,9,8,6,5,
12,11,9,8,6,4,1,
12,11,9,8,6,3,2,
12,11,9,8,5,4,2,
12,11,9,8,5,3,2,1,
12,11,9,7,6,5,1,
12,11,9,7,6,4,2,
12,11,9,7,6,3,2,1,
12,11,9,7,5,4,3,
12,11,9,7,5,4,2,1,
12,11,9,6,5,4,3,1,
12,11,8,7,6,5,2,
12,11,8,7,6,4,3,
12,11,8,7,6,4,2,1,
12,11,8,7,5,4,3,1,
12,11,8,6,5,4,3,2,
12,11,7,6,5,4,3,2,1,
12,10,9,8,7,5,
12,10,9,8,7,4,1,
12,10,9,8,7,3,2,
12,10,9,8,6,5,1,
12,10,9,8,6,4,2,
12,10,9,8,6,3,2,1,
12,10,9,8,5,4,3,
12,10,9,8,5,4,2,1,
12,10,9,7,6,5,2,
12,10,9,7,6,4,3,
12,10,9,7,6,4,2,1,
12,10,9,7,5,4,3,1,
12,10,9,6,5,4,3,2,
12,10,8,7,6,5,3,
12,10,8,7,6,5,2,1,
12,10,8,7,6,4,3,1,
12,10,8,7,5,4,3,2,
12,10,8,6,5,4,3,2,1,
12,9,8,7,6,5,4,
12,9,8,7,6,5,3,1,
12,9,8,7,6,4,3,2,
12,9,8,7,5,4,3,2,1,
11,10,9,8,7,6,
11,10,9,8,7,5,1,
11,10,9,8,7,4,2,
11,10,9,8,7,3,2,1,
11,10,9,8,6,5,2,
11,10,9,8,6,4,3,
11,10,9,8,6,4,2,1,
11,10,9,8,5,4,3,1,
11,10,9,7,6,5,3,
11,10,9,7,6,5,2,1,
11,10,9,7,6,4,3,1,
11,10,9,7,5,4,3,2,
11,10,9,6,5,4,3,2,1,
11,10,8,7,6,5,4,
11,10,8,7,6,5,3,1,
11,10,8,7,6,4,3,2,
11,10,8,7,5,4,3,2,1,
11,9,8,7,6,5,4,1,
11,9,8,7,6,5,3,2,
11,9,8,7,6,4,3,2,1,
10,9,8,7,6,5,4,2,
10,9,8,7,6,5,3,2,1,
