23,2,
22,3,
22,2,1,
21,4,
21,3,1,
20,5,
20,4,1,
20,3,2,
19,6,
19,5,1,
19,4,2,
19,3,2,1,
18,7,
18,6,1,
18,5,2,
18,4,3,
18,4,2,1,
17,8,
17,7,1,
17,6,2,
17,5,3,
17,5,2,1,
17,4,3,1,
16,9,
16,8,1,
16,7,2,
16,6,3,
16,6,2,1,
16,5,4,
16,5,3,1,
16,4,3,2,
15,10,
15,9,1,
15,8,2,
15,7,3,
15,7,2,1,
15,6,4,
15,6,3,1,
15,5,4,1,
15,5,3,2,
15,4,3,2,1,
14,11,
14,10,1,
14,9,2,
14,8,3,
14,8,2,1,
14,7,4,
14,7,3,1,
14,6,5,
14,6,4,1,
14,6,3,2,
14,5,4,2,
14,5,3,2,1,
13,12,
13,11,1,
13,10,2,
13,9,3,
13,9,2,1,
13,8,4,
13,8,3,1,
13,7,5,
13,7,4,1,
13,7,3,2,
13,6,5,1,
13,6,4,2,
13,6,3,2,1,
13,5,4,3,
13,5,4,2,1,
12,11,2,
12,10,3,
12,10,2,1,
12,9,4,
12,9,3,1,
12,8,5,
12,8,4,1,
12,8,3,2,
12,7,6,
12,7,5,1,
12,7,4,2,
12,7,3,2,1,
12,6,5,2,
12,6,4,3,
12,6,4,2,1,
12,5,4,3,1,
11,10,4,
11,10,3,1,
11,9,5,
11,9,4,1,
11,9,3,2,
11,8,6,
11,8,5,1,
11,8,4,2,
11,8,3,2,1,
11,7,6,1,
11,7,5,2,
11,7,4,3,
11,7,4,2,1,
11,6,5,3,
11,6,5,2,1,
11,6,4,3,1,
11,5,4,3,2,
10,9,6,
10,9,5,1,
10,9,4,2,
10,9,3,2,1,
10,8,7,
10,8,6,1,
10,8,5,2,
10,8,4,3,
10,8,4,2,1,
10,7,6,2,
10,7,5,3,
10,7,5,2,1,
10,7,4,3,1,
10,6,5,4,
10,6,5,3,1,
10,6,4,3,2,
10,5,4,3,2,1,
9,8,7,1,
9,8,6,2,
9,8,5,3,
9,8,5,2,1,
9,8,4,3,1,
9,7,6,3,
9,7,6,2,1,
9,7,5,4,
9,7,5,3,1,
9,7,4,3,2,
9,6,5,4,1,
9,6,5,3,2,
9,6,4,3,2,1,
8,7,6,4,
8,7,6,3,1,
8,7,5,4,1,
8,7,5,3,2,
8,7,4,3,2,1,
8,6,5,4,2,
8,6,5,3,2,1,
7,6,5,4,3,
7,6,5,4,2,1,
